<?xml version="1.0" encoding="UTF-8"?>
<coverage generated="1492796434814" clover="3.2.0">
  <project timestamp="1492796434815" name="All files">
    <metrics statements="56" coveredstatements="45" conditionals="12" coveredconditionals="11" methods="33" coveredmethods="24" elements="101" coveredelements="80" complexity="0" loc="56" ncloc="56" packages="2" files="5" classes="5">
      <package name="src">
        <metrics statements="55" coveredstatements="44" conditionals="12" coveredconditionals="11" methods="33" coveredmethods="24"/>
        <file name="GreetingController.js" path="/Users/nils/develop/javascript/react-workshop/code/schritte/4-test/src/GreetingController.js">
          <metrics statements="20" coveredstatements="10" conditionals="2" coveredconditionals="2" methods="11" coveredmethods="6"/>
          <line num="8" count="1" type="stmt"/>
          <line num="9" count="1" type="stmt"/>
          <line num="13" count="5" type="stmt"/>
          <line num="14" count="5" type="stmt"/>
          <line num="18" count="1" type="stmt"/>
          <line num="20" count="0" type="stmt"/>
          <line num="26" count="2" type="stmt"/>
          <line num="27" count="2" type="stmt"/>
          <line num="34" count="2" type="stmt"/>
          <line num="38" count="2" type="stmt"/>
          <line num="39" count="2" type="stmt"/>
          <line num="40" count="0" type="stmt"/>
          <line num="46" count="0" type="stmt"/>
          <line num="48" count="0" type="stmt"/>
          <line num="51" count="0" type="stmt"/>
          <line num="54" count="0" type="stmt"/>
          <line num="59" count="0" type="stmt"/>
          <line num="64" count="0" type="stmt"/>
          <line num="67" count="0" type="stmt"/>
          <line num="69" count="0" type="stmt"/>
        </file>
        <file name="GreetingDetail.js" path="/Users/nils/develop/javascript/react-workshop/code/schritte/4-test/src/GreetingDetail.js">
          <metrics statements="18" coveredstatements="17" conditionals="6" coveredconditionals="5" methods="10" coveredmethods="10"/>
          <line num="15" count="14" type="stmt"/>
          <line num="16" count="14" type="cond" truecount="2" falsecount="0"/>
          <line num="18" count="14" type="stmt"/>
          <line num="20" count="2" type="stmt"/>
          <line num="21" count="5" type="stmt"/>
          <line num="25" count="3" type="stmt"/>
          <line num="30" count="1" type="stmt"/>
          <line num="35" count="1" type="stmt"/>
          <line num="42" count="5" type="stmt"/>
          <line num="43" count="5" type="cond" truecount="2" falsecount="0"/>
          <line num="44" count="5" type="stmt"/>
          <line num="51" count="1" type="stmt"/>
          <line num="52" count="1" type="cond" truecount="1" falsecount="1"/>
          <line num="53" count="0" type="stmt"/>
          <line num="58" count="1" type="stmt"/>
          <line num="59" count="1" type="stmt"/>
          <line num="60" count="1" type="stmt"/>
          <line num="67" count="8" type="stmt"/>
        </file>
        <file name="GreetingMaster.js" path="/Users/nils/develop/javascript/react-workshop/code/schritte/4-test/src/GreetingMaster.js">
          <metrics statements="4" coveredstatements="4" conditionals="0" coveredconditionals="0" methods="2" coveredmethods="2"/>
          <line num="3" count="2" type="stmt"/>
          <line num="4" count="6" type="stmt"/>
          <line num="5" count="8" type="stmt"/>
          <line num="6" count="6" type="stmt"/>
        </file>
        <file name="backend.js" path="/Users/nils/develop/javascript/react-workshop/code/schritte/4-test/src/backend.js">
          <metrics statements="13" coveredstatements="13" conditionals="4" coveredconditionals="4" methods="10" coveredmethods="6"/>
          <line num="1" count="1" type="stmt"/>
          <line num="14" count="1" type="stmt"/>
          <line num="21" count="2" type="stmt"/>
          <line num="22" count="2" type="cond" truecount="2" falsecount="0"/>
          <line num="29" count="2" type="stmt"/>
          <line num="35" count="2" type="stmt"/>
          <line num="37" count="2" type="stmt"/>
          <line num="57" count="1" type="stmt"/>
          <line num="58" count="2" type="stmt"/>
          <line num="59" count="2" type="cond" truecount="2" falsecount="0"/>
          <line num="60" count="2" type="stmt"/>
          <line num="61" count="2" type="stmt"/>
          <line num="63" count="2" type="stmt"/>
        </file>
      </package>
      <package name="test">
        <metrics statements="1" coveredstatements="1" conditionals="0" coveredconditionals="0" methods="0" coveredmethods="0"/>
        <file name="setup-jest.js" path="/Users/nils/develop/javascript/react-workshop/code/schritte/4-test/test/setup-jest.js">
          <metrics statements="1" coveredstatements="1" conditionals="0" coveredconditionals="0" methods="0" coveredmethods="0"/>
          <line num="2" count="4" type="stmt"/>
        </file>
      </package>
    </metrics>
  </project>
</coverage>
