{"/Users/nils/develop/javascript/react-workshop/code/schritte/4-test/src/GreetingController.js": {"path":"/Users/nils/develop/javascript/react-workshop/code/schritte/4-test/src/GreetingController.js","statementMap":{"0":{"start":{"line":8,"column":20},"end":{"line":8,"column":33}},"1":{"start":{"line":9,"column":20},"end":{"line":9,"column":33}},"2":{"start":{"line":13,"column":34},"end":{"line":13,"column":44}},"3":{"start":{"line":14,"column":8},"end":{"line":22,"column":20}},"4":{"start":{"line":18,"column":49},"end":{"line":18,"column":83}},"5":{"start":{"line":20,"column":57},"end":{"line":20,"column":84}},"6":{"start":{"line":26,"column":8},"end":{"line":26,"column":21}},"7":{"start":{"line":27,"column":8},"end":{"line":30,"column":10}},"8":{"start":{"line":34,"column":8},"end":{"line":34,"column":29}},"9":{"start":{"line":38,"column":8},"end":{"line":41,"column":10}},"10":{"start":{"line":39,"column":25},"end":{"line":39,"column":51}},"11":{"start":{"line":40,"column":19},"end":{"line":40,"column":66}},"12":{"start":{"line":46,"column":32},"end":{"line":65,"column":9}},"13":{"start":{"line":48,"column":34},"end":{"line":48,"column":51}},"14":{"start":{"line":51,"column":32},"end":{"line":51,"column":73}},"15":{"start":{"line":54,"column":33},"end":{"line":54,"column":71}},"16":{"start":{"line":59,"column":12},"end":{"line":62,"column":15}},"17":{"start":{"line":64,"column":12},"end":{"line":64,"column":31}},"18":{"start":{"line":67,"column":29},"end":{"line":67,"column":83}},"19":{"start":{"line":67,"column":36},"end":{"line":67,"column":83}},"20":{"start":{"line":69,"column":8},"end":{"line":69,"column":71}}},"fnMap":{"0":{"name":"(anonymous_0)","decl":{"start":{"line":12,"column":4},"end":{"line":12,"column":5}},"loc":{"start":{"line":12,"column":13},"end":{"line":23,"column":5}},"line":12},"1":{"name":"(anonymous_1)","decl":{"start":{"line":18,"column":43},"end":{"line":18,"column":44}},"loc":{"start":{"line":18,"column":49},"end":{"line":18,"column":83}},"line":18},"2":{"name":"(anonymous_2)","decl":{"start":{"line":20,"column":43},"end":{"line":20,"column":44}},"loc":{"start":{"line":20,"column":57},"end":{"line":20,"column":84}},"line":20},"3":{"name":"(anonymous_3)","decl":{"start":{"line":25,"column":4},"end":{"line":25,"column":5}},"loc":{"start":{"line":25,"column":23},"end":{"line":31,"column":5}},"line":25},"4":{"name":"(anonymous_4)","decl":{"start":{"line":33,"column":4},"end":{"line":33,"column":5}},"loc":{"start":{"line":33,"column":24},"end":{"line":35,"column":5}},"line":33},"5":{"name":"(anonymous_5)","decl":{"start":{"line":37,"column":4},"end":{"line":37,"column":5}},"loc":{"start":{"line":37,"column":20},"end":{"line":42,"column":5}},"line":37},"6":{"name":"(anonymous_6)","decl":{"start":{"line":39,"column":12},"end":{"line":39,"column":13}},"loc":{"start":{"line":39,"column":25},"end":{"line":39,"column":51}},"line":39},"7":{"name":"(anonymous_7)","decl":{"start":{"line":40,"column":12},"end":{"line":40,"column":13}},"loc":{"start":{"line":40,"column":19},"end":{"line":40,"column":66}},"line":40},"8":{"name":"(anonymous_8)","decl":{"start":{"line":45,"column":4},"end":{"line":45,"column":5}},"loc":{"start":{"line":45,"column":36},"end":{"line":70,"column":5}},"line":45},"9":{"name":"(anonymous_9)","decl":{"start":{"line":46,"column":32},"end":{"line":46,"column":33}},"loc":{"start":{"line":46,"column":50},"end":{"line":65,"column":9}},"line":46},"10":{"name":"(anonymous_10)","decl":{"start":{"line":67,"column":29},"end":{"line":67,"column":30}},"loc":{"start":{"line":67,"column":36},"end":{"line":67,"column":83}},"line":67}},"branchMap":{"0":{"loc":{"start":{"line":16,"column":17},"end":{"line":20,"column":87}},"type":"cond-expr","locations":[{"start":{"line":17,"column":20},"end":{"line":19,"column":22}},{"start":{"line":20,"column":20},"end":{"line":20,"column":87}}],"line":16}},"s":{"0":1,"1":1,"2":5,"3":5,"4":1,"5":0,"6":2,"7":2,"8":2,"9":2,"10":2,"11":0,"12":0,"13":0,"14":0,"15":0,"16":0,"17":0,"18":0,"19":0,"20":0},"f":{"0":5,"1":1,"2":0,"3":2,"4":2,"5":2,"6":2,"7":0,"8":0,"9":0,"10":0},"b":{"0":[4,1]},"_coverageSchema":"332fd63041d2c1bcb487cc26dd0d5f7d97098a6c","hash":"35b1bbdc247005533df979f627fcbd55ad5e1531"}
,"/Users/nils/develop/javascript/react-workshop/code/schritte/4-test/src/GreetingDetail.js": {"path":"/Users/nils/develop/javascript/react-workshop/code/schritte/4-test/src/GreetingDetail.js","statementMap":{"0":{"start":{"line":15,"column":33},"end":{"line":15,"column":43}},"1":{"start":{"line":16,"column":29},"end":{"line":16,"column":48}},"2":{"start":{"line":18,"column":8},"end":{"line":38,"column":20}},"3":{"start":{"line":20,"column":37},"end":{"line":20,"column":55}},"4":{"start":{"line":21,"column":42},"end":{"line":21,"column":65}},"5":{"start":{"line":25,"column":42},"end":{"line":25,"column":65}},"6":{"start":{"line":30,"column":35},"end":{"line":30,"column":47}},"7":{"start":{"line":35,"column":35},"end":{"line":35,"column":46}},"8":{"start":{"line":42,"column":8},"end":{"line":42,"column":21}},"9":{"start":{"line":43,"column":33},"end":{"line":43,"column":80}},"10":{"start":{"line":44,"column":8},"end":{"line":47,"column":10}},"11":{"start":{"line":51,"column":8},"end":{"line":51,"column":48}},"12":{"start":{"line":52,"column":8},"end":{"line":54,"column":9}},"13":{"start":{"line":53,"column":12},"end":{"line":53,"column":31}},"14":{"start":{"line":58,"column":24},"end":{"line":58,"column":34}},"15":{"start":{"line":59,"column":33},"end":{"line":59,"column":43}},"16":{"start":{"line":60,"column":8},"end":{"line":63,"column":11}},"17":{"start":{"line":67,"column":8},"end":{"line":67,"column":65}}},"fnMap":{"0":{"name":"(anonymous_0)","decl":{"start":{"line":14,"column":4},"end":{"line":14,"column":5}},"loc":{"start":{"line":14,"column":13},"end":{"line":39,"column":5}},"line":14},"1":{"name":"(anonymous_1)","decl":{"start":{"line":20,"column":28},"end":{"line":20,"column":29}},"loc":{"start":{"line":20,"column":37},"end":{"line":20,"column":55}},"line":20},"2":{"name":"(anonymous_2)","decl":{"start":{"line":21,"column":33},"end":{"line":21,"column":34}},"loc":{"start":{"line":21,"column":42},"end":{"line":21,"column":65}},"line":21},"3":{"name":"(anonymous_3)","decl":{"start":{"line":25,"column":33},"end":{"line":25,"column":34}},"loc":{"start":{"line":25,"column":42},"end":{"line":25,"column":65}},"line":25},"4":{"name":"(anonymous_4)","decl":{"start":{"line":30,"column":29},"end":{"line":30,"column":30}},"loc":{"start":{"line":30,"column":35},"end":{"line":30,"column":47}},"line":30},"5":{"name":"(anonymous_5)","decl":{"start":{"line":35,"column":29},"end":{"line":35,"column":30}},"loc":{"start":{"line":35,"column":35},"end":{"line":35,"column":46}},"line":35},"6":{"name":"(anonymous_6)","decl":{"start":{"line":41,"column":4},"end":{"line":41,"column":5}},"loc":{"start":{"line":41,"column":23},"end":{"line":48,"column":5}},"line":41},"7":{"name":"(anonymous_7)","decl":{"start":{"line":50,"column":4},"end":{"line":50,"column":5}},"loc":{"start":{"line":50,"column":12},"end":{"line":55,"column":5}},"line":50},"8":{"name":"(anonymous_8)","decl":{"start":{"line":57,"column":4},"end":{"line":57,"column":5}},"loc":{"start":{"line":57,"column":11},"end":{"line":64,"column":5}},"line":57},"9":{"name":"(anonymous_9)","decl":{"start":{"line":66,"column":4},"end":{"line":66,"column":5}},"loc":{"start":{"line":66,"column":23},"end":{"line":68,"column":5}},"line":66}},"branchMap":{"0":{"loc":{"start":{"line":16,"column":31},"end":{"line":16,"column":47}},"type":"binary-expr","locations":[{"start":{"line":16,"column":31},"end":{"line":16,"column":35}},{"start":{"line":16,"column":39},"end":{"line":16,"column":47}}],"line":16},"1":{"loc":{"start":{"line":43,"column":33},"end":{"line":43,"column":80}},"type":"binary-expr","locations":[{"start":{"line":43,"column":33},"end":{"line":43,"column":52}},{"start":{"line":43,"column":56},"end":{"line":43,"column":80}}],"line":43},"2":{"loc":{"start":{"line":52,"column":8},"end":{"line":54,"column":9}},"type":"if","locations":[{"start":{"line":52,"column":8},"end":{"line":54,"column":9}},{"start":{"line":52,"column":8},"end":{"line":54,"column":9}}],"line":52}},"s":{"0":14,"1":14,"2":14,"3":2,"4":5,"5":3,"6":1,"7":1,"8":5,"9":5,"10":5,"11":1,"12":1,"13":0,"14":1,"15":1,"16":1,"17":8},"f":{"0":14,"1":2,"2":5,"3":3,"4":1,"5":1,"6":5,"7":1,"8":1,"9":8},"b":{"0":[14,6],"1":[5,5],"2":[0,1]},"_coverageSchema":"332fd63041d2c1bcb487cc26dd0d5f7d97098a6c","hash":"fc3661a525bb960d602ace3fed2eb50f8bb491a9"}
,"/Users/nils/develop/javascript/react-workshop/code/schritte/4-test/src/GreetingMaster.js": {"path":"/Users/nils/develop/javascript/react-workshop/code/schritte/4-test/src/GreetingMaster.js","statementMap":{"0":{"start":{"line":3,"column":23},"end":{"line":22,"column":1}},"1":{"start":{"line":4,"column":31},"end":{"line":4,"column":36}},"2":{"start":{"line":5,"column":17},"end":{"line":5,"column":123}},"3":{"start":{"line":5,"column":43},"end":{"line":5,"column":122}},"4":{"start":{"line":6,"column":4},"end":{"line":21,"column":6}}},"fnMap":{"0":{"name":"(anonymous_0)","decl":{"start":{"line":3,"column":23},"end":{"line":3,"column":24}},"loc":{"start":{"line":3,"column":34},"end":{"line":22,"column":1}},"line":3},"1":{"name":"(anonymous_1)","decl":{"start":{"line":5,"column":31},"end":{"line":5,"column":32}},"loc":{"start":{"line":5,"column":43},"end":{"line":5,"column":122}},"line":5}},"branchMap":{},"s":{"0":2,"1":6,"2":6,"3":8,"4":6},"f":{"0":6,"1":8},"b":{},"_coverageSchema":"332fd63041d2c1bcb487cc26dd0d5f7d97098a6c","hash":"94af563196bdd6380218f6a051f089658397f051"}
,"/Users/nils/develop/javascript/react-workshop/code/schritte/4-test/src/backend.js": {"path":"/Users/nils/develop/javascript/react-workshop/code/schritte/4-test/src/backend.js","statementMap":{"0":{"start":{"line":1,"column":20},"end":{"line":1,"column":53}},"1":{"start":{"line":14,"column":28},"end":{"line":48,"column":1}},"2":{"start":{"line":21,"column":33},"end":{"line":26,"column":9}},"3":{"start":{"line":21,"column":45},"end":{"line":26,"column":9}},"4":{"start":{"line":22,"column":22},"end":{"line":25,"column":50}},"5":{"start":{"line":29,"column":30},"end":{"line":29,"column":59}},"6":{"start":{"line":29,"column":37},"end":{"line":29,"column":59}},"7":{"start":{"line":35,"column":34},"end":{"line":35,"column":78}},"8":{"start":{"line":35,"column":41},"end":{"line":35,"column":78}},"9":{"start":{"line":37,"column":4},"end":{"line":47,"column":5}},"10":{"start":{"line":57,"column":30},"end":{"line":67,"column":1}},"11":{"start":{"line":58,"column":33},"end":{"line":59,"column":88}},"12":{"start":{"line":58,"column":45},"end":{"line":59,"column":88}},"13":{"start":{"line":59,"column":22},"end":{"line":59,"column":87}},"14":{"start":{"line":60,"column":30},"end":{"line":60,"column":59}},"15":{"start":{"line":60,"column":37},"end":{"line":60,"column":59}},"16":{"start":{"line":61,"column":34},"end":{"line":61,"column":78}},"17":{"start":{"line":61,"column":41},"end":{"line":61,"column":78}},"18":{"start":{"line":63,"column":4},"end":{"line":66,"column":5}}},"fnMap":{"0":{"name":"(anonymous_0)","decl":{"start":{"line":14,"column":28},"end":{"line":14,"column":29}},"loc":{"start":{"line":14,"column":73},"end":{"line":48,"column":1}},"line":14},"1":{"name":"(anonymous_1)","decl":{"start":{"line":21,"column":33},"end":{"line":21,"column":34}},"loc":{"start":{"line":21,"column":45},"end":{"line":26,"column":9}},"line":21},"2":{"name":"(anonymous_2)","decl":{"start":{"line":22,"column":14},"end":{"line":22,"column":15}},"loc":{"start":{"line":22,"column":22},"end":{"line":25,"column":50}},"line":22},"3":{"name":"(anonymous_3)","decl":{"start":{"line":29,"column":30},"end":{"line":29,"column":31}},"loc":{"start":{"line":29,"column":37},"end":{"line":29,"column":59}},"line":29},"4":{"name":"(anonymous_4)","decl":{"start":{"line":35,"column":34},"end":{"line":35,"column":35}},"loc":{"start":{"line":35,"column":41},"end":{"line":35,"column":78}},"line":35},"5":{"name":"(anonymous_5)","decl":{"start":{"line":57,"column":30},"end":{"line":57,"column":31}},"loc":{"start":{"line":57,"column":56},"end":{"line":67,"column":1}},"line":57},"6":{"name":"(anonymous_6)","decl":{"start":{"line":58,"column":33},"end":{"line":58,"column":34}},"loc":{"start":{"line":58,"column":45},"end":{"line":59,"column":88}},"line":58},"7":{"name":"(anonymous_7)","decl":{"start":{"line":59,"column":14},"end":{"line":59,"column":15}},"loc":{"start":{"line":59,"column":22},"end":{"line":59,"column":87}},"line":59},"8":{"name":"(anonymous_8)","decl":{"start":{"line":60,"column":30},"end":{"line":60,"column":31}},"loc":{"start":{"line":60,"column":37},"end":{"line":60,"column":59}},"line":60},"9":{"name":"(anonymous_9)","decl":{"start":{"line":61,"column":34},"end":{"line":61,"column":35}},"loc":{"start":{"line":61,"column":41},"end":{"line":61,"column":78}},"line":61}},"branchMap":{"0":{"loc":{"start":{"line":22,"column":22},"end":{"line":25,"column":50}},"type":"cond-expr","locations":[{"start":{"line":23,"column":29},"end":{"line":23,"column":44}},{"start":{"line":25,"column":29},"end":{"line":25,"column":50}}],"line":22},"1":{"loc":{"start":{"line":59,"column":22},"end":{"line":59,"column":87}},"type":"cond-expr","locations":[{"start":{"line":59,"column":48},"end":{"line":59,"column":63}},{"start":{"line":59,"column":66},"end":{"line":59,"column":87}}],"line":59}},"s":{"0":1,"1":1,"2":2,"3":2,"4":2,"5":2,"6":0,"7":2,"8":0,"9":2,"10":1,"11":2,"12":2,"13":2,"14":2,"15":0,"16":2,"17":0,"18":2},"f":{"0":2,"1":2,"2":2,"3":0,"4":0,"5":2,"6":2,"7":2,"8":0,"9":0},"b":{"0":[1,1],"1":[1,1]},"_coverageSchema":"332fd63041d2c1bcb487cc26dd0d5f7d97098a6c","hash":"49893f357c709d59eb3ca2621dd9aa8e97b059e0"}
,"/Users/nils/develop/javascript/react-workshop/code/schritte/4-test/test/setup-jest.js": {"path":"/Users/nils/develop/javascript/react-workshop/code/schritte/4-test/test/setup-jest.js","statementMap":{"0":{"start":{"line":2,"column":0},"end":{"line":2,"column":42}}},"fnMap":{},"branchMap":{},"s":{"0":4},"f":{},"b":{},"_coverageSchema":"332fd63041d2c1bcb487cc26dd0d5f7d97098a6c","hash":"dbd6e589aaa8b528acaa37587c8d7b48d5f0e5f8"}
}
