TN:
SF:/Users/nils/develop/javascript/react-workshop/code/schritte/4-test/src/GreetingController.js
FN:12,(anonymous_0)
FN:18,(anonymous_1)
FN:20,(anonymous_2)
FN:25,(anonymous_3)
FN:33,(anonymous_4)
FN:37,(anonymous_5)
FN:39,(anonymous_6)
FN:40,(anonymous_7)
FN:45,(anonymous_8)
FN:46,(anonymous_9)
FN:67,(anonymous_10)
FNF:11
FNH:6
FNDA:5,(anonymous_0)
FNDA:1,(anonymous_1)
FNDA:0,(anonymous_2)
FNDA:2,(anonymous_3)
FNDA:2,(anonymous_4)
FNDA:2,(anonymous_5)
FNDA:2,(anonymous_6)
FNDA:0,(anonymous_7)
FNDA:0,(anonymous_8)
FNDA:0,(anonymous_9)
FNDA:0,(anonymous_10)
DA:8,1
DA:9,1
DA:13,5
DA:14,5
DA:18,1
DA:20,0
DA:26,2
DA:27,2
DA:34,2
DA:38,2
DA:39,2
DA:40,0
DA:46,0
DA:48,0
DA:51,0
DA:54,0
DA:59,0
DA:64,0
DA:67,0
DA:69,0
LF:20
LH:10
BRDA:16,0,0,4
BRDA:16,0,1,1
BRF:2
BRH:2
end_of_record
TN:
SF:/Users/nils/develop/javascript/react-workshop/code/schritte/4-test/src/GreetingDetail.js
FN:14,(anonymous_0)
FN:20,(anonymous_1)
FN:21,(anonymous_2)
FN:25,(anonymous_3)
FN:30,(anonymous_4)
FN:35,(anonymous_5)
FN:41,(anonymous_6)
FN:50,(anonymous_7)
FN:57,(anonymous_8)
FN:66,(anonymous_9)
FNF:10
FNH:10
FNDA:14,(anonymous_0)
FNDA:2,(anonymous_1)
FNDA:5,(anonymous_2)
FNDA:3,(anonymous_3)
FNDA:1,(anonymous_4)
FNDA:1,(anonymous_5)
FNDA:5,(anonymous_6)
FNDA:1,(anonymous_7)
FNDA:1,(anonymous_8)
FNDA:8,(anonymous_9)
DA:15,14
DA:16,14
DA:18,14
DA:20,2
DA:21,5
DA:25,3
DA:30,1
DA:35,1
DA:42,5
DA:43,5
DA:44,5
DA:51,1
DA:52,1
DA:53,0
DA:58,1
DA:59,1
DA:60,1
DA:67,8
LF:18
LH:17
BRDA:16,0,0,14
BRDA:16,0,1,6
BRDA:43,1,0,5
BRDA:43,1,1,5
BRDA:52,2,0,0
BRDA:52,2,1,1
BRF:6
BRH:5
end_of_record
TN:
SF:/Users/nils/develop/javascript/react-workshop/code/schritte/4-test/src/GreetingMaster.js
FN:3,(anonymous_0)
FN:5,(anonymous_1)
FNF:2
FNH:2
FNDA:6,(anonymous_0)
FNDA:8,(anonymous_1)
DA:3,2
DA:4,6
DA:5,8
DA:6,6
LF:4
LH:4
BRF:0
BRH:0
end_of_record
TN:
SF:/Users/nils/develop/javascript/react-workshop/code/schritte/4-test/src/backend.js
FN:14,(anonymous_0)
FN:21,(anonymous_1)
FN:22,(anonymous_2)
FN:29,(anonymous_3)
FN:35,(anonymous_4)
FN:57,(anonymous_5)
FN:58,(anonymous_6)
FN:59,(anonymous_7)
FN:60,(anonymous_8)
FN:61,(anonymous_9)
FNF:10
FNH:6
FNDA:2,(anonymous_0)
FNDA:2,(anonymous_1)
FNDA:2,(anonymous_2)
FNDA:0,(anonymous_3)
FNDA:0,(anonymous_4)
FNDA:2,(anonymous_5)
FNDA:2,(anonymous_6)
FNDA:2,(anonymous_7)
FNDA:0,(anonymous_8)
FNDA:0,(anonymous_9)
DA:1,1
DA:14,1
DA:21,2
DA:22,2
DA:29,2
DA:35,2
DA:37,2
DA:57,1
DA:58,2
DA:59,2
DA:60,2
DA:61,2
DA:63,2
LF:13
LH:13
BRDA:22,0,0,1
BRDA:22,0,1,1
BRDA:59,1,0,1
BRDA:59,1,1,1
BRF:4
BRH:4
end_of_record
TN:
SF:/Users/nils/develop/javascript/react-workshop/code/schritte/4-test/test/setup-jest.js
FNF:0
FNH:0
DA:2,4
LF:1
LH:1
BRF:0
BRH:0
end_of_record
